INFO  12:53:08 Application started. Press Ctrl+C to shut down.
INFO  12:53:09 Application started. Press Ctrl+C to shut down.
INFO  12:53:09 Hosting environment: Development
INFO  12:53:09 Hosting environment: Development
INFO  12:53:09 Content root path: E:\MFPE\ClaimManagementSystem\MemberMicroservice
INFO  12:53:09 Content root path: E:\MFPE\ClaimManagementSystem\MemberMicroservice
INFO  12:53:36 ViewBills Accesed
INFO  12:53:55 ViewBills Accesed
INFO  12:54:27 Application started. Press Ctrl+C to shut down.
INFO  12:54:27 Application started. Press Ctrl+C to shut down.
INFO  12:54:27 Hosting environment: Development
INFO  12:54:27 Hosting environment: Development
INFO  12:54:27 Content root path: E:\MFPE\ClaimManagementSystem\MemberMicroservice
INFO  12:54:27 Content root path: E:\MFPE\ClaimManagementSystem\MemberMicroservice
INFO  12:54:28 ViewBills Accesed
INFO  12:55:45 Application started. Press Ctrl+C to shut down.
INFO  12:55:45 Application started. Press Ctrl+C to shut down.
INFO  12:55:45 Hosting environment: Development
INFO  12:55:45 Hosting environment: Development
INFO  12:55:45 Content root path: E:\MFPE\ClaimManagementSystem\MemberMicroservice
INFO  12:55:45 Content root path: E:\MFPE\ClaimManagementSystem\MemberMicroservice
INFO  12:55:45 ViewBills Accesed
INFO  12:55:54 ViewBills Accesed
INFO  01:04:10 Application started. Press Ctrl+C to shut down.
INFO  01:04:10 Application started. Press Ctrl+C to shut down.
INFO  01:04:10 Hosting environment: Development
INFO  01:04:10 Hosting environment: Development
INFO  01:04:10 Content root path: E:\MFPE\ClaimManagementSystem\MemberMicroservice
INFO  01:04:10 Content root path: E:\MFPE\ClaimManagementSystem\MemberMicroservice
ERROR 01:04:10 An unhandled exception has occurred while executing the request.
System.InvalidOperationException: Unable to resolve service for type 'Swashbuckle.AspNetCore.Swagger.ISwaggerProvider' while attempting to Invoke middleware 'Swashbuckle.AspNetCore.Swagger.SwaggerMiddleware'.
   at Microsoft.AspNetCore.Builder.UseMiddlewareExtensions.GetService(IServiceProvider sp, Type type, Type middleware)
   at lambda_method(Closure , Object , HttpContext , IServiceProvider )
   at Microsoft.AspNetCore.Builder.UseMiddlewareExtensions.<>c__DisplayClass4_1.<UseMiddleware>b__2(HttpContext context)
   at Microsoft.AspNetCore.Diagnostics.DeveloperExceptionPageMiddleware.Invoke(HttpContext context)
ERROR 01:04:10 An unhandled exception has occurred while executing the request.
System.InvalidOperationException: Unable to resolve service for type 'Swashbuckle.AspNetCore.Swagger.ISwaggerProvider' while attempting to Invoke middleware 'Swashbuckle.AspNetCore.Swagger.SwaggerMiddleware'.
   at Microsoft.AspNetCore.Builder.UseMiddlewareExtensions.GetService(IServiceProvider sp, Type type, Type middleware)
   at lambda_method(Closure , Object , HttpContext , IServiceProvider )
   at Microsoft.AspNetCore.Builder.UseMiddlewareExtensions.<>c__DisplayClass4_1.<UseMiddleware>b__2(HttpContext context)
   at Microsoft.AspNetCore.Diagnostics.DeveloperExceptionPageMiddleware.Invoke(HttpContext context)
ERROR 01:04:13 An unhandled exception has occurred while executing the request.
System.InvalidOperationException: Unable to resolve service for type 'Swashbuckle.AspNetCore.Swagger.ISwaggerProvider' while attempting to Invoke middleware 'Swashbuckle.AspNetCore.Swagger.SwaggerMiddleware'.
   at Microsoft.AspNetCore.Builder.UseMiddlewareExtensions.GetService(IServiceProvider sp, Type type, Type middleware)
   at lambda_method(Closure , Object , HttpContext , IServiceProvider )
   at Microsoft.AspNetCore.Builder.UseMiddlewareExtensions.<>c__DisplayClass4_1.<UseMiddleware>b__2(HttpContext context)
   at Microsoft.AspNetCore.Diagnostics.DeveloperExceptionPageMiddleware.Invoke(HttpContext context)
ERROR 01:04:13 An unhandled exception has occurred while executing the request.
System.InvalidOperationException: Unable to resolve service for type 'Swashbuckle.AspNetCore.Swagger.ISwaggerProvider' while attempting to Invoke middleware 'Swashbuckle.AspNetCore.Swagger.SwaggerMiddleware'.
   at Microsoft.AspNetCore.Builder.UseMiddlewareExtensions.GetService(IServiceProvider sp, Type type, Type middleware)
   at lambda_method(Closure , Object , HttpContext , IServiceProvider )
   at Microsoft.AspNetCore.Builder.UseMiddlewareExtensions.<>c__DisplayClass4_1.<UseMiddleware>b__2(HttpContext context)
   at Microsoft.AspNetCore.Diagnostics.DeveloperExceptionPageMiddleware.Invoke(HttpContext context)
ERROR 01:04:36 An unhandled exception has occurred while executing the request.
System.InvalidOperationException: Unable to resolve service for type 'Swashbuckle.AspNetCore.Swagger.ISwaggerProvider' while attempting to Invoke middleware 'Swashbuckle.AspNetCore.Swagger.SwaggerMiddleware'.
   at Microsoft.AspNetCore.Builder.UseMiddlewareExtensions.GetService(IServiceProvider sp, Type type, Type middleware)
   at lambda_method(Closure , Object , HttpContext , IServiceProvider )
   at Microsoft.AspNetCore.Builder.UseMiddlewareExtensions.<>c__DisplayClass4_1.<UseMiddleware>b__2(HttpContext context)
   at Microsoft.AspNetCore.Diagnostics.DeveloperExceptionPageMiddleware.Invoke(HttpContext context)
ERROR 01:04:36 An unhandled exception has occurred while executing the request.
System.InvalidOperationException: Unable to resolve service for type 'Swashbuckle.AspNetCore.Swagger.ISwaggerProvider' while attempting to Invoke middleware 'Swashbuckle.AspNetCore.Swagger.SwaggerMiddleware'.
   at Microsoft.AspNetCore.Builder.UseMiddlewareExtensions.GetService(IServiceProvider sp, Type type, Type middleware)
   at lambda_method(Closure , Object , HttpContext , IServiceProvider )
   at Microsoft.AspNetCore.Builder.UseMiddlewareExtensions.<>c__DisplayClass4_1.<UseMiddleware>b__2(HttpContext context)
   at Microsoft.AspNetCore.Diagnostics.DeveloperExceptionPageMiddleware.Invoke(HttpContext context)
INFO  01:06:06 Application started. Press Ctrl+C to shut down.
INFO  01:06:06 Application started. Press Ctrl+C to shut down.
INFO  01:06:06 Hosting environment: Development
INFO  01:06:06 Hosting environment: Development
INFO  01:06:06 Content root path: E:\MFPE\ClaimManagementSystem\MemberMicroservice
INFO  01:06:06 Content root path: E:\MFPE\ClaimManagementSystem\MemberMicroservice
INFO  01:06:35 ViewBills Accesed
INFO  01:06:47 ViewBills Accesed
INFO  04:22:45 Application started. Press Ctrl+C to shut down.
INFO  04:22:45 Application started. Press Ctrl+C to shut down.
INFO  04:22:45 Hosting environment: Development
INFO  04:22:45 Hosting environment: Development
INFO  04:22:45 Content root path: C:\Users\sud44\OneDrive\Desktop\New Pull\MemberMicroservice
INFO  04:22:45 Content root path: C:\Users\sud44\OneDrive\Desktop\New Pull\MemberMicroservice
INFO  04:25:48 GetClaimStatus Accesed
INFO  04:27:12 Application started. Press Ctrl+C to shut down.
INFO  04:27:12 Application started. Press Ctrl+C to shut down.
INFO  04:27:12 Hosting environment: Development
INFO  04:27:12 Hosting environment: Development
INFO  04:27:12 Content root path: C:\Users\sud44\OneDrive\Desktop\New Pull\MemberMicroservice
INFO  04:27:12 Content root path: C:\Users\sud44\OneDrive\Desktop\New Pull\MemberMicroservice
INFO  04:36:53 GetClaimStatus Accesed
INFO  04:37:49 SubmitClaim Accesed
INFO  04:41:11 SubmitClaim Accesed
INFO  04:41:17 ViewBills Accesed
INFO  04:42:28 SubmitClaim Accesed
INFO  04:49:24 SubmitClaim Accesed
INFO  05:08:56 SubmitClaim Accesed
INFO  05:11:15 SubmitClaim Accesed
INFO  05:11:34 GetClaimStatus Accesed
INFO  05:11:45 GetClaimStatus Accesed
INFO  05:11:53 GetClaimStatus Accesed
INFO  05:11:58 ViewBills Accesed
INFO  05:23:13 SubmitClaim Accesed
INFO  05:23:23 ViewBills Accesed
INFO  06:20:15 Application started. Press Ctrl+C to shut down.
INFO  06:20:15 Application started. Press Ctrl+C to shut down.
INFO  06:20:15 Hosting environment: Development
INFO  06:20:15 Hosting environment: Development
INFO  06:20:15 Content root path: C:\Users\Abhishek Tiwari\Desktop\MFPE\ClaimManagementSystem\MemberMicroservice
INFO  06:20:15 Content root path: C:\Users\Abhishek Tiwari\Desktop\MFPE\ClaimManagementSystem\MemberMicroservice
INFO  06:21:47 GetClaimStatus Accesed
INFO  06:21:59 GetClaimStatus Accesed
INFO  06:22:08 GetClaimStatus Accesed
INFO  06:22:23 GetClaimStatus Accesed
INFO  06:22:56 SubmitClaim Accesed
ERROR 06:24:37 Exception in SubmitClaimOne or more errors occurred. (A task was canceled.)
INFO  06:34:10 Application started. Press Ctrl+C to shut down.
INFO  06:34:10 Application started. Press Ctrl+C to shut down.
INFO  06:34:10 Hosting environment: Development
INFO  06:34:10 Hosting environment: Development
INFO  06:34:10 Content root path: C:\Users\Abhishek Tiwari\Desktop\MFPE\ClaimManagementSystem\MemberMicroservice
INFO  06:34:10 Content root path: C:\Users\Abhishek Tiwari\Desktop\MFPE\ClaimManagementSystem\MemberMicroservice
INFO  06:34:57 GetClaimStatus Accesed
INFO  06:35:06 GetClaimStatus Accesed
INFO  06:35:14 GetClaimStatus Accesed
INFO  06:35:26 GetClaimStatus Accesed
INFO  06:36:08 SubmitClaim Accesed
INFO  06:46:12 Application started. Press Ctrl+C to shut down.
INFO  06:46:12 Application started. Press Ctrl+C to shut down.
INFO  06:46:12 Hosting environment: Development
INFO  06:46:12 Hosting environment: Development
INFO  06:46:12 Content root path: C:\Users\Abhishek Tiwari\Desktop\MFPE\ClaimManagementSystem\MemberMicroservice
INFO  06:46:12 Content root path: C:\Users\Abhishek Tiwari\Desktop\MFPE\ClaimManagementSystem\MemberMicroservice
INFO  06:51:21 GetClaimStatus Accesed
INFO  06:51:32 GetClaimStatus Accesed
INFO  06:51:41 GetClaimStatus Accesed
INFO  06:52:09 SubmitClaim Accesed
INFO  06:52:58 ViewBills Accesed
INFO  06:57:49 Application started. Press Ctrl+C to shut down.
INFO  06:57:49 Application started. Press Ctrl+C to shut down.
INFO  06:57:49 Hosting environment: Development
INFO  06:57:49 Hosting environment: Development
INFO  06:57:49 Content root path: C:\Users\Abhishek Tiwari\Desktop\MFPE\ClaimManagementSystem\MemberMicroservice
INFO  06:57:49 Content root path: C:\Users\Abhishek Tiwari\Desktop\MFPE\ClaimManagementSystem\MemberMicroservice
INFO  06:58:57 SubmitClaim Accesed
INFO  07:11:49 Application started. Press Ctrl+C to shut down.
INFO  07:11:49 Application started. Press Ctrl+C to shut down.
INFO  07:11:49 Hosting environment: Development
INFO  07:11:49 Hosting environment: Development
INFO  07:11:49 Content root path: C:\Users\Abhishek Tiwari\Desktop\MFPE\ClaimManagementSystem\MemberMicroservice
INFO  07:11:49 Content root path: C:\Users\Abhishek Tiwari\Desktop\MFPE\ClaimManagementSystem\MemberMicroservice
INFO  07:12:50 SubmitClaim Accesed
INFO  08:22:59 Application started. Press Ctrl+C to shut down.
INFO  08:22:59 Application started. Press Ctrl+C to shut down.
INFO  08:22:59 Hosting environment: Development
INFO  08:22:59 Hosting environment: Development
INFO  08:22:59 Content root path: C:\Users\ASUS\Desktop\ClaimManagementSyatem\MemberMicroservice
INFO  08:22:59 Content root path: C:\Users\ASUS\Desktop\ClaimManagementSyatem\MemberMicroservice
INFO  08:30:46 SubmitClaim Accesed
INFO  08:31:01 GetClaimStatus Accesed
INFO  08:31:10 GetClaimStatus Accesed
INFO  08:31:15 ViewBills Accesed
INFO  08:31:52 SubmitClaim Accesed
INFO  08:32:49 SubmitClaim Accesed
INFO  08:33:03 SubmitClaim Accesed
INFO  08:33:11 ViewBills Accesed
INFO  08:33:54 SubmitClaim Accesed
INFO  11:32:48 Application started. Press Ctrl+C to shut down.
INFO  11:32:48 Application started. Press Ctrl+C to shut down.
INFO  11:32:48 Hosting environment: Development
INFO  11:32:48 Hosting environment: Development
INFO  11:32:48 Content root path: C:\Users\Abhishek Tiwari\Desktop\MFPE\ClaimManagementSystem\MemberMicroservice
INFO  11:32:48 Content root path: C:\Users\Abhishek Tiwari\Desktop\MFPE\ClaimManagementSystem\MemberMicroservice
INFO  11:33:00 GetClaimStatus Accesed
INFO  11:33:08 GetClaimStatus Accesed
INFO  11:33:24 SubmitClaim Accesed
INFO  12:05:46 Application started. Press Ctrl+C to shut down.
INFO  12:05:46 Application started. Press Ctrl+C to shut down.
INFO  12:05:46 Hosting environment: Development
INFO  12:05:46 Hosting environment: Development
INFO  12:05:46 Content root path: C:\Users\Abhishek Tiwari\Desktop\MFPE\ClaimManagementSystem\MemberMicroservice
INFO  12:05:46 Content root path: C:\Users\Abhishek Tiwari\Desktop\MFPE\ClaimManagementSystem\MemberMicroservice
INFO  12:06:10 GetClaimStatus Accesed
INFO  12:06:31 SubmitClaim Accesed
INFO  12:06:50 SubmitClaim Accesed
INFO  12:06:56 ViewBills Accesed
ERROR 12:06:56 Exception in ViewBillsProcessing of the HTTP request resulted in an exception. Please see the HTTP response returned by the 'Response' property of this exception for details.
INFO  12:07:01 ViewBills Accesed
ERROR 12:07:01 Exception in ViewBillsProcessing of the HTTP request resulted in an exception. Please see the HTTP response returned by the 'Response' property of this exception for details.
INFO  12:07:14 SubmitClaim Accesed
INFO  12:07:17 ViewBills Accesed
